2020-11-23 15:56:44 - INFO - "D:\APITest\common\log.py:12" - log - INFO - 读取到配置文件
2020-11-23 15:56:44 - INFO - "D:\APITest\common\log.py:12" - log - INFO - 获取到登录url为http://island.dev.iot-cas.com:8081/system/login
2020-11-23 15:56:44 - INFO - "D:\APITest\common\log.py:12" - log - INFO - 获取到登录账户为admin1
2020-11-23 15:56:44 - INFO - "D:\APITest\common\log.py:12" - log - INFO - 获取到登录密码为a123456
2020-11-23 15:56:44 - INFO - "D:\APITest\common\log.py:12" - log - INFO - 获取到接口文档地址为../apifile/
2020-11-23 15:56:44 - INFO - "D:\APITest\common\log.py:12" - log - INFO - 获取到测试用例地址为../testcase/
2020-11-23 15:56:44 - INFO - "D:\APITest\common\log.py:12" - log - INFO - 开始登陆
2020-11-23 15:56:44 - INFO - "D:\APITest\common\log.py:12" - log - INFO - 登录完成获取信息
2020-11-23 15:56:44 - INFO - "D:\APITest\common\log.py:12" - log - INFO - 开始读取api文档
2020-11-23 15:56:44 - INFO - "D:\APITest\common\log.py:12" - log - INFO - 准备发送请求
2020-11-23 15:56:45 - INFO - "D:\APITest\common\log.py:12" - log - INFO - 判断设备在线，继续执行
2020-11-23 15:56:45 - INFO - "D:\APITest\common\log.py:12" - log - INFO - 开始跑测试用例
2020-11-23 15:56:45 - INFO - "D:\APITest\common\log.py:12" - log - INFO - 请求头为{'Authorization': 'bearer eyJhbGciOiJIUzI1NiIsInR5cCI6IkpXVCJ9.eyJwaG9uZU51bWJlciI6IjEzMzMzMzMzMzMyIiwibG9naW5OYW1lIjoiYWRtaW4xIiwiZGVwYXJ0bWVudENvZGUiOiIwNzIiLCJzY29wZSI6W10sIm5hbWUiOiJhZG1pbjEiLCJ0ZW5hbnRJZCI6InN5c3RlbSIsImlkIjoiNzE5OTY3NTYyNTk5NjMyODk2IiwiaXNBZG1pbiI6dHJ1ZSwiZXhwIjoxNjA2MTYxNDI1LCJlbWFpbCI6ImFkbWluMUBpb3QtY2FzLmNvbSIsImp0aSI6IjdhYWM1MTQ2LWI3MjgtNDUzZi05ZTM0LTQwNzI5OTA4Y2E2MyIsImNsaWVudF9pZCI6ImlzbGFuZCJ9.KI91ya06LHuj7lCftTLsjxic30Fcels10o-Oyp-4dJA', 'User-Agent': 'Mozilla/5.0 (Windows NT 10.0; Win64; x64) AppleWebKit/537.36 (KHTML, like Gecko) Chrome/85.0.4183.83 Safari/537.36 Edg/85.0.564.44', 'Content-Type': 'application/json;charset=UTF-8'}
2020-11-23 15:56:45 - INFO - "D:\APITest\common\log.py:12" - log - INFO - 开始循环获取api文档每一行的数据存为列表
2020-11-23 15:56:45 - INFO - "D:\APITest\common\log.py:12" - log - INFO - 创建空datalist
2020-11-23 15:56:45 - INFO - "D:\APITest\common\log.py:12" - log - INFO - 获取工作表格<openpyxl.workbook.workbook.Workbook object at 0x000002447A5656D0>
2020-11-23 15:56:45 - INFO - "D:\APITest\common\log.py:12" - log - INFO - 获取sheets为<Worksheet "Sheet1">
2020-11-23 15:56:45 - INFO - "D:\APITest\common\log.py:12" - log - INFO - 读取到列表[['http://island.dev.iot-cas.com:8081/island/camera/control', 'post', None, '1', 200, 'deviceId=720596513148514304&controlType=right&speed=1', '摄像头控制-右转', None], ['http://island.dev.iot-cas.com:8081/island/camera/control', 'post', None, '1', 200, 'deviceId=720596513148514304&controlType=left&speed=1', '摄像头控制-左转', None], ['http://island.dev.iot-cas.com:8081/island/camera/control', 'post', None, '1', 200, 'deviceId=720596513148514304&controlType=up&speed=1', '摄像头控制-上转', None], ['http://island.dev.iot-cas.com:8081/island/camera/control', 'post', None, '1', 200, 'deviceId=720596513148514304&controlType=down&speed=1', '摄像头控制-下转', None], ['http://island.dev.iot-cas.com:8081/island/camera/control', 'post', None, '1', 200, 'deviceId=720596513148514304&controlType=upperLeft&speed=1', None, None], ['http://island.dev.iot-cas.com:8081/island/camera/control', 'post', None, '1', 200, 'deviceId=720596513148514304&controlType=lowerLeft&speed=1', None, None], ['http://island.dev.iot-cas.com:8081/island/camera/control', 'post', None, '1', 200, 'deviceId=720596513148514304&controlType=upperRight&speed=1', None, None], ['http://island.dev.iot-cas.com:8081/island/camera/control', 'post', None, '1', 200, 'deviceId=720596513148514304&controlType=lowerRight&speed=1', None, None], ['http://island.dev.iot-cas.com:8081/island/camera/control', 'post', None, '1', 200, 'deviceId=720596513148514304&controlType=magnify&speed=1', '摄像头控制-画面放大', None], ['http://island.dev.iot-cas.com:8081/island/camera/control', 'post', None, '1', 200, 'deviceId=720596513148514304&controlType=narrow&speed=1', '摄像头控制-画面缩小', None], ['http://island.dev.iot-cas.com:8081/island/camera/control', 'post', None, '1', 200, 'deviceId=720596513148514304&controlType=nearly&speed=1', '摄像头控制-焦距变小', None], ['http://island.dev.iot-cas.com:8081/island/camera/control', 'post', None, '1', 200, 'deviceId=720596513148514304&controlType=far&speed=1', '摄像头控制-焦距变大', None], ['http://island.dev.iot-cas.com:8081/island/camera/control', 'post', None, '1', 200, 'deviceId=720596513148514304&controlType=stop&speed=1', None, None], ['http://island.dev.iot-cas.com:8081/island/camera/grid', 'put', '{\n\t"displayModel": 9\n}', '1', 200, None, '九宫格显示配置', None], ['http://island.dev.iot-cas.com:8081/island/camera/grid', 'put', '{\n\t"gridMap": {\n\t\t"0": "720596513148514304",\n\t\t"1": "737377184941576192"\n\t}\n}', '1', 200, None, '九宫格添加显示的摄像头', None], ['http://island.dev.iot-cas.com:8081/island/camera/grid', 'get', None, '1', 200, None, '获取摄像头九宫格配置', None]]
2020-11-23 15:56:45 - INFO - "D:\APITest\common\log.py:12" - log - INFO - 此次请求信息列表['http://island.dev.iot-cas.com:8081/island/camera/control', 'post', None, '1', 200, 'deviceId=720596513148514304&controlType=right&speed=1', '摄像头控制-右转', None]
2020-11-23 15:56:45 - INFO - "D:\APITest\common\log.py:12" - log - INFO - 开始判断请求方式
2020-11-23 15:56:45 - INFO - "D:\APITest\common\log.py:12" - log - INFO - 判断为post,并完成请求
2020-11-23 15:56:45 - INFO - "D:\APITest\common\log.py:12" - log - INFO - 请求响应预期200，实际为200
2020-11-23 15:56:45 - INFO - "D:\APITest\common\log.py:12" - log - INFO - 返回结果为{"code":"0","data":null,"detail":"数据异常","msg":"云台控制执行失败","status":"S0300"}

