2020-11-10 16:22:38 - INFO - "D:\APITest\common\log.py:12" - log - INFO - 读取到配置文件
2020-11-10 16:22:38 - INFO - "D:\APITest\common\log.py:12" - log - INFO - 获取到登录url为http://island.dev.iot-cas.com:8081/system/login
2020-11-10 16:22:38 - INFO - "D:\APITest\common\log.py:12" - log - INFO - 获取到登录账户为admin1
2020-11-10 16:22:38 - INFO - "D:\APITest\common\log.py:12" - log - INFO - 获取到登录密码为a123456
2020-11-10 16:22:38 - INFO - "D:\APITest\common\log.py:12" - log - INFO - 获取到接口文档地址为../apifile/
2020-11-10 16:22:38 - INFO - "D:\APITest\common\log.py:12" - log - INFO - 获取到测试用例地址为../testcase/
2020-11-10 16:22:38 - INFO - "D:\APITest\common\log.py:12" - log - INFO - 开始登陆
2020-11-10 16:22:39 - INFO - "D:\APITest\common\log.py:12" - log - INFO - 登录完成获取信息
2020-11-10 16:22:39 - INFO - "D:\APITest\common\log.py:12" - log - INFO - 开始读取api文档
2020-11-10 16:22:39 - INFO - "D:\APITest\common\log.py:12" - log - INFO - 准备发送请求

2020-11-10 16:22:56 - INFO - "D:\APITest\common\log.py:12" - log - INFO - 读取到配置文件
2020-11-10 16:22:56 - INFO - "D:\APITest\common\log.py:12" - log - INFO - 获取到登录url为http://island.dev.iot-cas.com:8081/system/login
2020-11-10 16:22:56 - INFO - "D:\APITest\common\log.py:12" - log - INFO - 获取到登录账户为admin1
2020-11-10 16:22:56 - INFO - "D:\APITest\common\log.py:12" - log - INFO - 获取到登录密码为a123456
2020-11-10 16:22:56 - INFO - "D:\APITest\common\log.py:12" - log - INFO - 获取到接口文档地址为../apifile/
2020-11-10 16:22:56 - INFO - "D:\APITest\common\log.py:12" - log - INFO - 获取到测试用例地址为../testcase/
2020-11-10 16:22:56 - INFO - "D:\APITest\common\log.py:12" - log - INFO - 开始登陆
2020-11-10 16:22:56 - INFO - "D:\APITest\common\log.py:12" - log - INFO - 登录完成获取信息
2020-11-10 16:22:56 - INFO - "D:\APITest\common\log.py:12" - log - INFO - 开始读取api文档
2020-11-10 16:22:56 - INFO - "D:\APITest\common\log.py:12" - log - INFO - 准备发送请求
2020-11-10 16:22:56 - INFO - "D:\APITest\common\log.py:12" - log - INFO - 开始跑测试用例
2020-11-10 16:22:56 - INFO - "D:\APITest\common\log.py:12" - log - INFO - 请求头为{'Authorization': 'bearer eyJhbGciOiJIUzI1NiIsInR5cCI6IkpXVCJ9.eyJwaG9uZU51bWJlciI6IjEzMzMzMzMzMzMyIiwibG9naW5OYW1lIjoiYWRtaW4xIiwiZGVwYXJ0bWVudENvZGUiOiIwNzIiLCJzY29wZSI6W10sIm5hbWUiOiJhZG1pbjEiLCJ0ZW5hbnRJZCI6InN5c3RlbSIsImlkIjoiNzE5OTY3NTYyNTk5NjMyODk2IiwiaXNBZG1pbiI6dHJ1ZSwiZXhwIjoxNjA1MDM5Nzc2LCJlbWFpbCI6ImFkbWluMUBpb3QtY2FzLmNvbSIsImp0aSI6IjkzZDU4ZjQwLTlkM2QtNDk5Ny1hM2NiLWQyZWMwNWM4Mjk3YyIsImNsaWVudF9pZCI6ImlzbGFuZCJ9.YqJKIoBBOwP2VSHB1OyESfqIXSzJEhe4iYWWhsoIPVI', 'User-Agent': 'Mozilla/5.0 (Windows NT 10.0; Win64; x64) AppleWebKit/537.36 (KHTML, like Gecko) Chrome/85.0.4183.83 Safari/537.36 Edg/85.0.564.44', 'Content-Type': 'application/json;charset=UTF-8'}
2020-11-10 16:22:56 - INFO - "D:\APITest\common\log.py:12" - log - INFO - 开始循环获取api文档每一行的数据存为列表
2020-11-10 16:22:56 - INFO - "D:\APITest\common\log.py:12" - log - INFO - 创建空datalist
2020-11-10 16:22:56 - INFO - "D:\APITest\common\log.py:12" - log - INFO - 获取工作表格<openpyxl.workbook.workbook.Workbook object at 0x000001A1411FA7C0>
2020-11-10 16:22:56 - INFO - "D:\APITest\common\log.py:12" - log - INFO - 获取sheets为<Worksheet "Sheet1">
2020-11-10 16:22:56 - INFO - "D:\APITest\common\log.py:12" - log - INFO - 读取到列表[['http://island.dev.iot-cas.com:8081/island/vehicle', 'post', "{'uid': 'testxDgseMWK', 'type': 'LIGHTPOLE', 'name': 'testxDgseMWK', 'deviceArea': '001', 'manager': '001', 'installationDate': '2020-11-10', 'qualityAssuranceDate': '2020-11-30', 'address': '广东省广州市南沙区黄阁镇广州南沙政务服务中心广州市南沙区人民政府', 'status': 'NORMAL', 'location': {'coordinateSystemType': 'GCJ02', 'coordinates': [113.526816, 22.801711], 'type': 'Point'}}", '1', 200, None, '新增载体', None], ['http://island.dev.iot-cas.com:8081/island/vehicle', 'put', "{'uid': 'testxDgseMWK', 'type': 'LIGHTPOLE', 'name': 'testxDgseMWK', 'deviceArea': '001', 'manager': '001', 'installationDate': '2020-11-10', 'qualityAssuranceDate': '2020-11-30', 'address': '广东省广州市南沙区黄阁镇广州南沙政务服务中心广州市南沙区人民政府', 'status': 'NORMAL', 'location': {'coordinateSystemType': 'GCJ02', 'coordinates': [113.526816, 22.801711], 'type': 'Point'}}", '1', 200, None, '更新载体', None], ['http://island.dev.iot-cas.com:8081/island/vehicle/byName?name=test1', 'get', None, '1', 200, None, '校验名称', None], ['http://island.dev.iot-cas.com:8081/island/vehicle/byUid?uid=1111', 'get', None, '1', 200, None, '校验uid', None], ['http://island.dev.iot-cas.com:8081/island/vehicle/select', 'get', None, '1', 200, None, '查询载体类型下拉框内容', None], ['http://island.dev.iot-cas.com:8081/island/vehicle/template', 'get', None, '1', 200, None, '下载模板', None], ['http://island.dev.iot-cas.com:8081/island/vehicles?pageSize=10&pageNum=1', 'get', None, '1', 200, None, '分页查询', None], ['http://island.dev.iot-cas.com:8081/island/vehicles?ids=775751603627540480', 'delete', None, '1', 204, None, '删除载体', None]]
2020-11-10 16:22:56 - INFO - "D:\APITest\common\log.py:12" - log - INFO - 此次请求信息列表['http://island.dev.iot-cas.com:8081/island/vehicle', 'post', "{'uid': 'testxDgseMWK', 'type': 'LIGHTPOLE', 'name': 'testxDgseMWK', 'deviceArea': '001', 'manager': '001', 'installationDate': '2020-11-10', 'qualityAssuranceDate': '2020-11-30', 'address': '广东省广州市南沙区黄阁镇广州南沙政务服务中心广州市南沙区人民政府', 'status': 'NORMAL', 'location': {'coordinateSystemType': 'GCJ02', 'coordinates': [113.526816, 22.801711], 'type': 'Point'}}", '1', 200, None, '新增载体', None]
2020-11-10 16:22:56 - INFO - "D:\APITest\common\log.py:12" - log - INFO - 开始判断请求方式

2020-11-10 16:22:57 - INFO - "D:\APITest\common\log.py:12" - log - INFO - 判断为post,并完成请求
2020-11-10 16:22:57 - INFO - "D:\APITest\common\log.py:12" - log - INFO - 请求响应预期200，实际为200
2020-11-10 16:22:57 - INFO - "D:\APITest\common\log.py:12" - log - INFO - 返回结果为{"code":"1","data":"775757400273932288","detail":"OK","msg":"","status":"200"}
2020-11-10 16:22:57 - INFO - "D:\APITest\common\log.py:12" - log - INFO - 判断预期和实际返回信息完成
2020-11-10 16:22:57 - INFO - "D:\APITest\common\log.py:12" - log - INFO - 此次请求信息列表['http://island.dev.iot-cas.com:8081/island/vehicle', 'put', "{'uid': 'testxDgseMWK', 'type': 'LIGHTPOLE', 'name': 'testxDgseMWK', 'deviceArea': '001', 'manager': '001', 'installationDate': '2020-11-10', 'qualityAssuranceDate': '2020-11-30', 'address': '广东省广州市南沙区黄阁镇广州南沙政务服务中心广州市南沙区人民政府', 'status': 'NORMAL', 'location': {'coordinateSystemType': 'GCJ02', 'coordinates': [113.526816, 22.801711], 'type': 'Point'}}", '1', 200, None, '更新载体', None]
2020-11-10 16:22:57 - INFO - "D:\APITest\common\log.py:12" - log - INFO - 开始判断请求方式

